Version: 11.0 (build 6549)


-----params------
args[0]     server=http://localhost/ArasHome
args[1]     database=HcHomeArasR11SP12
args[2]     login=root
args[4]     dir=C:\Users\hille\Development\git\hcarashome\deploy\packages\arashome
args[5]     mfFile=C:\Users\hille\Development\git\hcarashome\deploy\packages\arashome\myimports.mf
args[6]     release=11.12.001
args[7]     import
args[8]     merge
args[9]     vlog
-----params------

----parsed params----

server      http://localhost/ArasHome
database    HcHomeArasR11SP12
login       root
Dir         C:\Users\hille\Development\git\hcarashome\deploy\packages\arashome
timeout     0
Log file    C:\Users\hille\Development\git\hcarashome\deploy\log\2018-9-2.10-3.log
Manifest    C:\Users\hille\Development\git\hcarashome\deploy\packages\arashome\myimports.mf
import      Import
Fast mode   False
merge       True
verbose     False
release     11.12.001
vlog        True
description 

----parsed params----
Start of importing packages
start of execution : 09/02/2018 10:03:29
Updating se.hilleconsultit.hccore to 'inprogress' release status
       ****Import with merge option se.hilleconsultit.hccore****
Processing (add)   id : 0285BC3D55A24950BA6884C27915556B    keyed_name : HC ValidationTypes    type : List  
********** Start of reference checking ************
<Item type='ItemType' action='get' select='id'><name>List</name><Relationships><Item type='Property' action='get' select='name'/><Item type='RelationshipType' action='get' select='name'/></Relationships></Item>
  was obtained from server
<Item type='ItemType' action='get' select='id'><name>Value</name><Relationships><Item type='Property' action='get' select='name'/><Item type='RelationshipType' action='get' select='name'/></Relationships></Item>
  was obtained from server
<Item type='ItemType' action='get' select='id'><name>Value</name><Relationships><Item type='Property' action='get' select='name'/><Item type='RelationshipType' action='get' select='name'/></Relationships></Item>
  was obtained from cache
<Item type='ItemType' action='get' select='id'><name>Value</name><Relationships><Item type='Property' action='get' select='name'/><Item type='RelationshipType' action='get' select='name'/></Relationships></Item>
  was obtained from cache
************* End of reference checking ************
Item successfully applied(add)   id : 0285BC3D55A24950BA6884C27915556B    keyed_name : HC ValidationTypes    type : List  
Adding item into PackageDefinition with id = 0285BC3D55A24950BA6884C27915556B and type = List
Item successfully added in packdefinition  id  0285BC3D55A24950BA6884C27915556B type List
Processing (add)   id : 3E12DE4590E04F3F9AC47F4347E09D23    keyed_name : HC Properties    type : Permission  
********** Start of reference checking ************
checking item with get action:<Item type="Identity" action="get" select="id"><name>World</name></Item>
-> was obtained from server
<Item type='ItemType' action='get' select='id'><name>Permission</name><Relationships><Item type='Property' action='get' select='name'/><Item type='RelationshipType' action='get' select='name'/></Relationships></Item>
  was obtained from server
<Item type='ItemType' action='get' select='id'><name>Access</name><Relationships><Item type='Property' action='get' select='name'/><Item type='RelationshipType' action='get' select='name'/></Relationships></Item>
  was obtained from server
<Item type='ItemType' action='get' select='id'><name>Access</name><Relationships><Item type='Property' action='get' select='name'/><Item type='RelationshipType' action='get' select='name'/></Relationships></Item>
  was obtained from cache
checking for related items
<Item type='Identity' action='get' levels='0'><id>2618D6F5A90949BAA7E920D1B04C7EE1</id></Item>
   was obtained from server
************* End of reference checking ************
Item successfully applied(add)   id : 3E12DE4590E04F3F9AC47F4347E09D23    keyed_name : HC Properties    type : Permission  
Adding item into PackageDefinition with id = 3E12DE4590E04F3F9AC47F4347E09D23 and type = Permission
Item successfully added in packdefinition  id  3E12DE4590E04F3F9AC47F4347E09D23 type Permission
Processing (add)   id : B69BE0F900764DC08A61D033A6CE5BC5    keyed_name : HC_AddFile    type : Method  
********** Start of reference checking ************
<Item type='ItemType' action='get' select='id'><name>Method</name><Relationships><Item type='Property' action='get' select='name'/><Item type='RelationshipType' action='get' select='name'/></Relationships></Item>
  was obtained from server
************* End of reference checking ************
Item successfully applied(add)   id : B69BE0F900764DC08A61D033A6CE5BC5    keyed_name : HC_AddFile    type : Method  
Adding item into PackageDefinition with id = B69BE0F900764DC08A61D033A6CE5BC5 and type = Method
Getting config_id  of versionable item  id  B69BE0F900764DC08A61D033A6CE5BC5 type Method
Item successfully added in packdefinition  id  B69BE0F900764DC08A61D033A6CE5BC5 type Method
Processing (add)   id : 1E07252F7B74409ABDFF615ECA68B137    keyed_name : HC_CommonDontAdd    type : Method  
********** Start of reference checking ************
<Item type='ItemType' action='get' select='id'><name>Method</name><Relationships><Item type='Property' action='get' select='name'/><Item type='RelationshipType' action='get' select='name'/></Relationships></Item>
  was obtained from cache
************* End of reference checking ************
Item successfully applied(add)   id : 1E07252F7B74409ABDFF615ECA68B137    keyed_name : HC_CommonDontAdd    type : Method  
Adding item into PackageDefinition with id = 1E07252F7B74409ABDFF615ECA68B137 and type = Method
Getting config_id  of versionable item  id  1E07252F7B74409ABDFF615ECA68B137 type Method
Item successfully added in packdefinition  id  1E07252F7B74409ABDFF615ECA68B137 type Method
Processing (add)   id : 05B2F656366B4BA28249597F1B4A1661    keyed_name : HC_FixNameIdentity    type : Method  
********** Start of reference checking ************
<Item type='ItemType' action='get' select='id'><name>Method</name><Relationships><Item type='Property' action='get' select='name'/><Item type='RelationshipType' action='get' select='name'/></Relationships></Item>
  was obtained from cache
************* End of reference checking ************
Item successfully applied(add)   id : 05B2F656366B4BA28249597F1B4A1661    keyed_name : HC_FixNameIdentity    type : Method  
Adding item into PackageDefinition with id = 05B2F656366B4BA28249597F1B4A1661 and type = Method
Getting config_id  of versionable item  id  05B2F656366B4BA28249597F1B4A1661 type Method
Item successfully added in packdefinition  id  05B2F656366B4BA28249597F1B4A1661 type Method
Processing (add)   id : A6B271F2F25F4DD9A7D806133F1DF5BA    keyed_name : HC_GetPropertyValue_Generic    type : Method  
********** Start of reference checking ************
<Item type='ItemType' action='get' select='id'><name>Method</name><Relationships><Item type='Property' action='get' select='name'/><Item type='RelationshipType' action='get' select='name'/></Relationships></Item>
  was obtained from cache
************* End of reference checking ************
Item successfully applied(add)   id : A6B271F2F25F4DD9A7D806133F1DF5BA    keyed_name : HC_GetPropertyValue_Generic    type : Method  
Adding item into PackageDefinition with id = A6B271F2F25F4DD9A7D806133F1DF5BA and type = Method
Getting config_id  of versionable item  id  A6B271F2F25F4DD9A7D806133F1DF5BA type Method
Item successfully added in packdefinition  id  A6B271F2F25F4DD9A7D806133F1DF5BA type Method
Processing (add)   id : 1061162AF3DE42598406AAEDCE42C1EC    keyed_name : HC_IsPropertyEnabled_Generic    type : Method  
********** Start of reference checking ************
<Item type='ItemType' action='get' select='id'><name>Method</name><Relationships><Item type='Property' action='get' select='name'/><Item type='RelationshipType' action='get' select='name'/></Relationships></Item>
  was obtained from cache
************* End of reference checking ************
Item successfully applied(add)   id : 1061162AF3DE42598406AAEDCE42C1EC    keyed_name : HC_IsPropertyEnabled_Generic    type : Method  
Adding item into PackageDefinition with id = 1061162AF3DE42598406AAEDCE42C1EC and type = Method
Getting config_id  of versionable item  id  1061162AF3DE42598406AAEDCE42C1EC type Method
Item successfully added in packdefinition  id  1061162AF3DE42598406AAEDCE42C1EC type Method
Processing (add)   id : F020FA8ACE5E40A39F16FFED44653E20    keyed_name : HC Properties    type : Form  
********** Start of reference checking ************
<Item type='ItemType' action='get' select='id'><name>Form</name><Relationships><Item type='Property' action='get' select='name'/><Item type='RelationshipType' action='get' select='name'/></Relationships></Item>
  was obtained from server
<Item type='ItemType' action='get' select='id'><name>Body</name><Relationships><Item type='Property' action='get' select='name'/><Item type='RelationshipType' action='get' select='name'/></Relationships></Item>
  was obtained from server
<Item type='ItemType' action='get' select='id'><name>Field</name><Relationships><Item type='Property' action='get' select='name'/><Item type='RelationshipType' action='get' select='name'/></Relationships></Item>
  was obtained from server
<Item type='ItemType' action='get' select='id'><name>Field</name><Relationships><Item type='Property' action='get' select='name'/><Item type='RelationshipType' action='get' select='name'/></Relationships></Item>
  was obtained from cache
<Item type='ItemType' action='get' select='id'><name>Field</name><Relationships><Item type='Property' action='get' select='name'/><Item type='RelationshipType' action='get' select='name'/></Relationships></Item>
  was obtained from cache
<Item type='ItemType' action='get' select='id'><name>Field</name><Relationships><Item type='Property' action='get' select='name'/><Item type='RelationshipType' action='get' select='name'/></Relationships></Item>
  was obtained from cache
<Item type='ItemType' action='get' select='id'><name>Field</name><Relationships><Item type='Property' action='get' select='name'/><Item type='RelationshipType' action='get' select='name'/></Relationships></Item>
  was obtained from cache
<Item type='ItemType' action='get' select='id'><name>Field</name><Relationships><Item type='Property' action='get' select='name'/><Item type='RelationshipType' action='get' select='name'/></Relationships></Item>
  was obtained from cache
<Item type='ItemType' action='get' select='id'><name>Field</name><Relationships><Item type='Property' action='get' select='name'/><Item type='RelationshipType' action='get' select='name'/></Relationships></Item>
  was obtained from cache
************* End of reference checking ************
Item successfully applied(add)   id : F020FA8ACE5E40A39F16FFED44653E20    keyed_name : HC Properties    type : Form  
Adding item into PackageDefinition with id = F020FA8ACE5E40A39F16FFED44653E20 and type = Form
Item successfully added in packdefinition  id  F020FA8ACE5E40A39F16FFED44653E20 type Form
Processing (add)   id : 4F4B5D93DC1C41E2B8859CE693F5D29D    keyed_name : HC Validation Item    type : Form  
********** Start of reference checking ************
<Item type='ItemType' action='get' select='id'><name>Form</name><Relationships><Item type='Property' action='get' select='name'/><Item type='RelationshipType' action='get' select='name'/></Relationships></Item>
  was obtained from cache
<Item type='ItemType' action='get' select='id'><name>Body</name><Relationships><Item type='Property' action='get' select='name'/><Item type='RelationshipType' action='get' select='name'/></Relationships></Item>
  was obtained from cache
<Item type='ItemType' action='get' select='id'><name>Field</name><Relationships><Item type='Property' action='get' select='name'/><Item type='RelationshipType' action='get' select='name'/></Relationships></Item>
  was obtained from cache
<Item type='ItemType' action='get' select='id'><name>Field</name><Relationships><Item type='Property' action='get' select='name'/><Item type='RelationshipType' action='get' select='name'/></Relationships></Item>
  was obtained from cache
<Item type='ItemType' action='get' select='id'><name>Field</name><Relationships><Item type='Property' action='get' select='name'/><Item type='RelationshipType' action='get' select='name'/></Relationships></Item>
  was obtained from cache
************* End of reference checking ************
Item successfully applied(add)   id : 4F4B5D93DC1C41E2B8859CE693F5D29D    keyed_name : HC Validation Item    type : Form  
Adding item into PackageDefinition with id = 4F4B5D93DC1C41E2B8859CE693F5D29D and type = Form
Item successfully added in packdefinition  id  4F4B5D93DC1C41E2B8859CE693F5D29D type Form
Processing (add)   id : E07DD18813B94882BD9C2BDF967B848C    keyed_name : HC ValidationItem    type : Form  
********** Start of reference checking ************
<Item type='ItemType' action='get' select='id'><name>Form</name><Relationships><Item type='Property' action='get' select='name'/><Item type='RelationshipType' action='get' select='name'/></Relationships></Item>
  was obtained from cache
<Item type='ItemType' action='get' select='id'><name>Body</name><Relationships><Item type='Property' action='get' select='name'/><Item type='RelationshipType' action='get' select='name'/></Relationships></Item>
  was obtained from cache
<Item type='ItemType' action='get' select='id'><name>Field</name><Relationships><Item type='Property' action='get' select='name'/><Item type='RelationshipType' action='get' select='name'/></Relationships></Item>
  was obtained from cache
<Item type='ItemType' action='get' select='id'><name>Field</name><Relationships><Item type='Property' action='get' select='name'/><Item type='RelationshipType' action='get' select='name'/></Relationships></Item>
  was obtained from cache
************* End of reference checking ************
Item successfully applied(add)   id : E07DD18813B94882BD9C2BDF967B848C    keyed_name : HC ValidationItem    type : Form  
Adding item into PackageDefinition with id = E07DD18813B94882BD9C2BDF967B848C and type = Form
Item successfully added in packdefinition  id  E07DD18813B94882BD9C2BDF967B848C type Form
Processing (add)   id : C123CD200C1F4E6984338C5FA0067426    keyed_name : HC Properties    type : ItemType  
********** Start of reference checking ************
checking item with get action:<Item type="Identity" action="get" select="id"><name>World</name></Item>
-> was obtained from cache
<Item type='ItemType' action='get' select='id'><name>ItemType</name><Relationships><Item type='Property' action='get' select='name'/><Item type='RelationshipType' action='get' select='name'/></Relationships></Item>
  was obtained from server
<Item type='ItemType' action='get' select='id'><name>Property</name><Relationships><Item type='Property' action='get' select='name'/><Item type='RelationshipType' action='get' select='name'/></Relationships></Item>
  was obtained from server
<Item type='ItemType' action='get' select='id'><name>Property</name><Relationships><Item type='Property' action='get' select='name'/><Item type='RelationshipType' action='get' select='name'/></Relationships></Item>
  was obtained from cache
<Item type='ItemType' action='get' select='id'><name>Property</name><Relationships><Item type='Property' action='get' select='name'/><Item type='RelationshipType' action='get' select='name'/></Relationships></Item>
  was obtained from cache
<Item type='ItemType' action='get' select='id'><name>Property</name><Relationships><Item type='Property' action='get' select='name'/><Item type='RelationshipType' action='get' select='name'/></Relationships></Item>
  was obtained from cache
<Item type='ItemType' action='get' select='id'><name>Property</name><Relationships><Item type='Property' action='get' select='name'/><Item type='RelationshipType' action='get' select='name'/></Relationships></Item>
  was obtained from cache
<Item type='ItemType' action='get' select='id'><name>View</name><Relationships><Item type='Property' action='get' select='name'/><Item type='RelationshipType' action='get' select='name'/></Relationships></Item>
  was obtained from server
<Item type='ItemType' action='get' select='id'><name>ItemType Life Cycle</name><Relationships><Item type='Property' action='get' select='name'/><Item type='RelationshipType' action='get' select='name'/></Relationships></Item>
  was obtained from server
<Item type='ItemType' action='get' select='id'><name>TOC Access</name><Relationships><Item type='Property' action='get' select='name'/><Item type='RelationshipType' action='get' select='name'/></Relationships></Item>
  was obtained from server
<Item type='ItemType' action='get' select='id'><name>Can Add</name><Relationships><Item type='Property' action='get' select='name'/><Item type='RelationshipType' action='get' select='name'/></Relationships></Item>
  was obtained from server
<Item type='ItemType' action='get' select='id'><name>Allowed Permission</name><Relationships><Item type='Property' action='get' select='name'/><Item type='RelationshipType' action='get' select='name'/></Relationships></Item>
  was obtained from server
checking <data_source> reference to the ItemType
<Item type='ItemType' action='get' select='id'><name>Identity</name></Item>
  was obtained from server
checking for related items
<Item type='Form' action='get' levels='0'><id>F020FA8ACE5E40A39F16FFED44653E20</id></Item>
   was obtained from server
checking for related items
<Item type='Life Cycle Map' action='get' levels='0'><id>CEA87EBAC6BE4F528EED0B00314EFD3B</id></Item>
   was obtained from server
checking for related items
<Item type='Identity' action='get' levels='0'><id>2618D6F5A90949BAA7E920D1B04C7EE1</id></Item>
   was obtained from cache
checking for related items
<Item type='Identity' action='get' levels='0'><id>2618D6F5A90949BAA7E920D1B04C7EE1</id></Item>
   was obtained from cache
checking for related items
<Item type='Permission' action='get' levels='0'><id>3E12DE4590E04F3F9AC47F4347E09D23</id></Item>
   was obtained from server
************* End of reference checking ************
Item successfully applied(add)   id : C123CD200C1F4E6984338C5FA0067426    keyed_name : HC Properties    type : ItemType  
Adding item into PackageDefinition with id = C123CD200C1F4E6984338C5FA0067426 and type = ItemType
Item successfully added in packdefinition  id  C123CD200C1F4E6984338C5FA0067426 type ItemType
Processing (edit)   id : C123CD200C1F4E6984338C5FA0067426     type : ItemType  
********** Start of reference checking ************
<Item type='ItemType' action='get' select='id'><name>ItemType</name><Relationships><Item type='Property' action='get' select='name'/><Item type='RelationshipType' action='get' select='name'/></Relationships></Item>
  was obtained from cache
<Item type='ItemType' action='get' select='id'><name>Property</name><Relationships><Item type='Property' action='get' select='name'/><Item type='RelationshipType' action='get' select='name'/></Relationships></Item>
  was obtained from cache
<Item type='ItemType' action='get' select='id'><name>Property</name><Relationships><Item type='Property' action='get' select='name'/><Item type='RelationshipType' action='get' select='name'/></Relationships></Item>
  was obtained from cache
************* End of reference checking ************
Item successfully applied(edit)   id : C123CD200C1F4E6984338C5FA0067426     type : ItemType  
Processing (add)   id : 4D1DA47DD2574D06BC31D7308D05F4A4    keyed_name : HC Validation    type : ItemType  
********** Start of reference checking ************
checking item with get action:<Item type="Method" action="get" select="id"><name>HC_CommonDontAdd</name></Item>
-> was obtained from server
checking item with get action:<Item type="Identity" action="get" select="id"><name>World</name></Item>
-> was obtained from cache
<Item type='ItemType' action='get' select='id'><name>ItemType</name><Relationships><Item type='Property' action='get' select='name'/><Item type='RelationshipType' action='get' select='name'/></Relationships></Item>
  was obtained from cache
<Item type='ItemType' action='get' select='id'><name>Property</name><Relationships><Item type='Property' action='get' select='name'/><Item type='RelationshipType' action='get' select='name'/></Relationships></Item>
  was obtained from cache
<Item type='ItemType' action='get' select='id'><name>Property</name><Relationships><Item type='Property' action='get' select='name'/><Item type='RelationshipType' action='get' select='name'/></Relationships></Item>
  was obtained from cache
<Item type='ItemType' action='get' select='id'><name>Property</name><Relationships><Item type='Property' action='get' select='name'/><Item type='RelationshipType' action='get' select='name'/></Relationships></Item>
  was obtained from cache
<Item type='ItemType' action='get' select='id'><name>Property</name><Relationships><Item type='Property' action='get' select='name'/><Item type='RelationshipType' action='get' select='name'/></Relationships></Item>
  was obtained from cache
<Item type='ItemType' action='get' select='id'><name>Property</name><Relationships><Item type='Property' action='get' select='name'/><Item type='RelationshipType' action='get' select='name'/></Relationships></Item>
  was obtained from cache
<Item type='ItemType' action='get' select='id'><name>Property</name><Relationships><Item type='Property' action='get' select='name'/><Item type='RelationshipType' action='get' select='name'/></Relationships></Item>
  was obtained from cache
<Item type='ItemType' action='get' select='id'><name>Property</name><Relationships><Item type='Property' action='get' select='name'/><Item type='RelationshipType' action='get' select='name'/></Relationships></Item>
  was obtained from cache
<Item type='ItemType' action='get' select='id'><name>Server Event</name><Relationships><Item type='Property' action='get' select='name'/><Item type='RelationshipType' action='get' select='name'/></Relationships></Item>
  was obtained from server
<Item type='ItemType' action='get' select='id'><name>ItemType Life Cycle</name><Relationships><Item type='Property' action='get' select='name'/><Item type='RelationshipType' action='get' select='name'/></Relationships></Item>
  was obtained from cache
<Item type='ItemType' action='get' select='id'><name>Can Add</name><Relationships><Item type='Property' action='get' select='name'/><Item type='RelationshipType' action='get' select='name'/></Relationships></Item>
  was obtained from cache
<Item type='ItemType' action='get' select='id'><name>Allowed Permission</name><Relationships><Item type='Property' action='get' select='name'/><Item type='RelationshipType' action='get' select='name'/></Relationships></Item>
  was obtained from cache
<Item type='ItemType' action='get' select='id'><name>Allowed Permission</name><Relationships><Item type='Property' action='get' select='name'/><Item type='RelationshipType' action='get' select='name'/></Relationships></Item>
  was obtained from cache
<Item type='ItemType' action='get' select='id'><name>Allowed Permission</name><Relationships><Item type='Property' action='get' select='name'/><Item type='RelationshipType' action='get' select='name'/></Relationships></Item>
  was obtained from cache
checking <data_source> reference to the ItemType
<Item type='ItemType' action='get' select='id'><name>HC Validation Item</name></Item>
checking <data_source> reference to list/sequence
<Item action='get' type='list' select='id'><id>0285BC3D55A24950BA6884C27915556B</id></Item>
  was obtained from server
checking for related items
<Item type='Life Cycle Map' action='get' levels='0'><id>2F3B75E17C4E4F2D9599579A965BFA64</id></Item>
   was obtained from server
checking for related items
<Item type='Permission' action='get' levels='0'><id>9122CD065CF04141B8EFE263FC80BEA4</id></Item>
   was obtained from server
WARNING: The following portion of the AML 
<data_source keyed_name="HC Validation Item" type="ItemType" name="HC Validation Item">2A448CB136784394AC5F4F0BB81ED55A</data_source>
contains unresolved reference that will be tried to resolve at the end of the package import
************* End of reference checking ************
Item successfully applied(add)   id : 4D1DA47DD2574D06BC31D7308D05F4A4    keyed_name : HC Validation    type : ItemType  
Adding item into PackageDefinition with id = 4D1DA47DD2574D06BC31D7308D05F4A4 and type = ItemType
Item successfully added in packdefinition  id  4D1DA47DD2574D06BC31D7308D05F4A4 type ItemType
Processing (add)   id : 2A448CB136784394AC5F4F0BB81ED55A    keyed_name : HC Validation Item    type : ItemType  
********** Start of reference checking ************
checking item with get action:<Item type="Identity" action="get" select="id"><name>World</name></Item>
-> was obtained from cache
checking item with get action:<Item type="Identity" action="get" select="id"><name>World</name></Item>
-> was obtained from cache
checking item with get action:<Item type="Method" action="get" select="id"><name>polymorphic_item_onBeforeAdd</name></Item>
-> was obtained from server
checking item with get action:<Item type="Method" action="get" select="id"><name>polymorphic_item_onBeforeCopy</name></Item>
-> was obtained from server
checking item with get action:<Item type="Method" action="get" select="id"><name>polymorphic_item_onBeforeDelete</name></Item>
-> was obtained from server
checking item with get action:<Item type="Method" action="get" select="id"><name>polymorphic_item_onBeforeLock</name></Item>
-> was obtained from server
checking item with get action:<Item type="Method" action="get" select="id"><name>polymorphic_item_onBeforeUnlock</name></Item>
-> was obtained from server
checking item with get action:<Item type="Method" action="get" select="id"><name>polymorphic_item_onBeforeUpdate</name></Item>
-> was obtained from server
checking item with get action:<Item type="Method" action="get" select="id"><name>polymorphic_item_onBeforeVersion</name></Item>
-> was obtained from server
<Item type='ItemType' action='get' select='id'><name>ItemType</name><Relationships><Item type='Property' action='get' select='name'/><Item type='RelationshipType' action='get' select='name'/></Relationships></Item>
  was obtained from cache
<Item type='ItemType' action='get' select='id'><name>Property</name><Relationships><Item type='Property' action='get' select='name'/><Item type='RelationshipType' action='get' select='name'/></Relationships></Item>
  was obtained from cache
<Item type='ItemType' action='get' select='id'><name>View</name><Relationships><Item type='Property' action='get' select='name'/><Item type='RelationshipType' action='get' select='name'/></Relationships></Item>
  was obtained from cache
<Item type='ItemType' action='get' select='id'><name>View</name><Relationships><Item type='Property' action='get' select='name'/><Item type='RelationshipType' action='get' select='name'/></Relationships></Item>
  was obtained from cache
<Item type='ItemType' action='get' select='id'><name>Server Event</name><Relationships><Item type='Property' action='get' select='name'/><Item type='RelationshipType' action='get' select='name'/></Relationships></Item>
  was obtained from cache
<Item type='ItemType' action='get' select='id'><name>Server Event</name><Relationships><Item type='Property' action='get' select='name'/><Item type='RelationshipType' action='get' select='name'/></Relationships></Item>
  was obtained from cache
<Item type='ItemType' action='get' select='id'><name>Server Event</name><Relationships><Item type='Property' action='get' select='name'/><Item type='RelationshipType' action='get' select='name'/></Relationships></Item>
  was obtained from cache
<Item type='ItemType' action='get' select='id'><name>Server Event</name><Relationships><Item type='Property' action='get' select='name'/><Item type='RelationshipType' action='get' select='name'/></Relationships></Item>
  was obtained from cache
<Item type='ItemType' action='get' select='id'><name>Server Event</name><Relationships><Item type='Property' action='get' select='name'/><Item type='RelationshipType' action='get' select='name'/></Relationships></Item>
  was obtained from cache
<Item type='ItemType' action='get' select='id'><name>Server Event</name><Relationships><Item type='Property' action='get' select='name'/><Item type='RelationshipType' action='get' select='name'/></Relationships></Item>
  was obtained from cache
<Item type='ItemType' action='get' select='id'><name>Server Event</name><Relationships><Item type='Property' action='get' select='name'/><Item type='RelationshipType' action='get' select='name'/></Relationships></Item>
  was obtained from cache
checking for related items
<Item type='Form' action='get' levels='0'><id>E07DD18813B94882BD9C2BDF967B848C</id></Item>
   was obtained from server
checking for related items
<Item type='Form' action='get' levels='0'><id>4F4B5D93DC1C41E2B8859CE693F5D29D</id></Item>
   was obtained from server
************* End of reference checking ************
Item successfully applied(add)   id : 2A448CB136784394AC5F4F0BB81ED55A    keyed_name : HC Validation Item    type : ItemType  
Adding item into PackageDefinition with id = 2A448CB136784394AC5F4F0BB81ED55A and type = ItemType
Item successfully added in packdefinition  id  2A448CB136784394AC5F4F0BB81ED55A type ItemType
Processing (edit)   id : 2A448CB136784394AC5F4F0BB81ED55A     type : ItemType  
********** Start of reference checking ************
checking item with get action:<Item type="List" action="get" select="id" page="1" pagesize="1"><name>HC Validation Item</name></Item>
-> was obtained from server
<Item type='ItemType' action='get' select='id'><name>ItemType</name><Relationships><Item type='Property' action='get' select='name'/><Item type='RelationshipType' action='get' select='name'/></Relationships></Item>
  was obtained from cache
<Item type='ItemType' action='get' select='id'><name>Property</name><Relationships><Item type='Property' action='get' select='name'/><Item type='RelationshipType' action='get' select='name'/></Relationships></Item>
  was obtained from cache
<Item type='ItemType' action='get' select='id'><name>Property</name><Relationships><Item type='Property' action='get' select='name'/><Item type='RelationshipType' action='get' select='name'/></Relationships></Item>
  was obtained from cache
************* End of reference checking ************
Item successfully applied(edit)   id : 2A448CB136784394AC5F4F0BB81ED55A     type : ItemType  
Processing (edit)   id : 2A448CB136784394AC5F4F0BB81ED55A     type : ItemType  
********** Start of reference checking ************
<Item type='ItemType' action='get' select='id'><name>ItemType</name><Relationships><Item type='Property' action='get' select='name'/><Item type='RelationshipType' action='get' select='name'/></Relationships></Item>
  was obtained from cache
<Item type='ItemType' action='get' select='id'><name>Morphae</name><Relationships><Item type='Property' action='get' select='name'/><Item type='RelationshipType' action='get' select='name'/></Relationships></Item>
  was obtained from server
checking for related items
<Item type='ItemType' action='get' levels='0'><id>4F1AC04A2B484F3ABA4E20DB63808A88</id></Item>
   was obtained from server
************* End of reference checking ************
Item successfully applied(edit)   id : 2A448CB136784394AC5F4F0BB81ED55A     type : ItemType  
Processing (edit)   id : 2A448CB136784394AC5F4F0BB81ED55A     type : ItemType  
********** Start of reference checking ************
<Item type='ItemType' action='get' select='id'><name>ItemType</name><Relationships><Item type='Property' action='get' select='name'/><Item type='RelationshipType' action='get' select='name'/></Relationships></Item>
  was obtained from cache
<Item type='ItemType' action='get' select='id'><name>Morphae</name><Relationships><Item type='Property' action='get' select='name'/><Item type='RelationshipType' action='get' select='name'/></Relationships></Item>
  was obtained from cache
checking for related items
<Item type='ItemType' action='get' levels='0'><id>B88C14B99EF449828C5D926E39EE8B89</id></Item>
   was obtained from server
************* End of reference checking ************
Item successfully applied(edit)   id : 2A448CB136784394AC5F4F0BB81ED55A     type : ItemType  
Processing (edit)   id : 2A448CB136784394AC5F4F0BB81ED55A     type : ItemType  
********** Start of reference checking ************
<Item type='ItemType' action='get' select='id'><name>ItemType</name><Relationships><Item type='Property' action='get' select='name'/><Item type='RelationshipType' action='get' select='name'/></Relationships></Item>
  was obtained from cache
<Item type='ItemType' action='get' select='id'><name>Morphae</name><Relationships><Item type='Property' action='get' select='name'/><Item type='RelationshipType' action='get' select='name'/></Relationships></Item>
  was obtained from cache
checking for related items
<Item type='ItemType' action='get' levels='0'><id>CCF205347C814DD1AF056875E0A880AC</id></Item>
   was obtained from server
************* End of reference checking ************
Item successfully applied(edit)   id : 2A448CB136784394AC5F4F0BB81ED55A     type : ItemType  
Processing (edit)   id : 48C0DBC79BD841509E49ED2EA9D3ABCD     type : Field  
********** Start of reference checking ************
checking item with get action:<Item type="Property" action="get" select="id"><name>itemtype</name><source_id type="ItemType" keyed_name="HC Validation Item">2A448CB136784394AC5F4F0BB81ED55A</source_id></Item>
-> was obtained from server
<Item type='ItemType' action='get' select='id'><name>Field</name><Relationships><Item type='Property' action='get' select='name'/><Item type='RelationshipType' action='get' select='name'/></Relationships></Item>
  was obtained from cache
************* End of reference checking ************
Item successfully applied(edit)   id : 48C0DBC79BD841509E49ED2EA9D3ABCD     type : Field  
Processing (edit)   id : 5CFDC87EC8F14DE68EAC2DA71D076CDE     type : Field  
********** Start of reference checking ************
checking item with get action:<Item type="Property" action="get" select="id"><name>itemtype</name><source_id type="ItemType" keyed_name="HC Validation Item">2A448CB136784394AC5F4F0BB81ED55A</source_id></Item>
-> was obtained from cache
<Item type='ItemType' action='get' select='id'><name>Field</name><Relationships><Item type='Property' action='get' select='name'/><Item type='RelationshipType' action='get' select='name'/></Relationships></Item>
  was obtained from cache
************* End of reference checking ************
Item successfully applied(edit)   id : 5CFDC87EC8F14DE68EAC2DA71D076CDE     type : Field  
Processing (delete)     type : View  
********** Start of reference checking ************
************* End of reference checking ************
Item successfully applied(delete)     type : View  
Processing (delete)     type : Form  
********** Start of reference checking ************
************* End of reference checking ************
Item successfully applied(delete)     type : Form  
Processing (edit)   id : 26FC2D778BFB4D749FA4401726EBEF44    keyed_name : FormPrint    type : History Action  
********** Start of reference checking ************
<Item type='ItemType' action='get' select='id'><name>History Action</name><Relationships><Item type='Property' action='get' select='name'/><Item type='RelationshipType' action='get' select='name'/></Relationships></Item>
  was obtained from server
************* End of reference checking ************
Item successfully applied(edit)   id : 26FC2D778BFB4D749FA4401726EBEF44    keyed_name : FormPrint    type : History Action  
Processing (add)   id : 26052CF4511F4502B43B50771A308B47    keyed_name : MyDefault    type : History Template  
********** Start of reference checking ************
<Item type='ItemType' action='get' select='id'><name>History Template</name><Relationships><Item type='Property' action='get' select='name'/><Item type='RelationshipType' action='get' select='name'/></Relationships></Item>
  was obtained from server
<Item type='ItemType' action='get' select='id'><name>History Template Action</name><Relationships><Item type='Property' action='get' select='name'/><Item type='RelationshipType' action='get' select='name'/></Relationships></Item>
  was obtained from server
<Item type='ItemType' action='get' select='id'><name>History Template Action</name><Relationships><Item type='Property' action='get' select='name'/><Item type='RelationshipType' action='get' select='name'/></Relationships></Item>
  was obtained from cache
<Item type='ItemType' action='get' select='id'><name>History Template Action</name><Relationships><Item type='Property' action='get' select='name'/><Item type='RelationshipType' action='get' select='name'/></Relationships></Item>
  was obtained from cache
<Item type='ItemType' action='get' select='id'><name>History Template Action</name><Relationships><Item type='Property' action='get' select='name'/><Item type='RelationshipType' action='get' select='name'/></Relationships></Item>
  was obtained from cache
<Item type='ItemType' action='get' select='id'><name>History Template Action</name><Relationships><Item type='Property' action='get' select='name'/><Item type='RelationshipType' action='get' select='name'/></Relationships></Item>
  was obtained from cache
<Item type='ItemType' action='get' select='id'><name>History Template Action</name><Relationships><Item type='Property' action='get' select='name'/><Item type='RelationshipType' action='get' select='name'/></Relationships></Item>
  was obtained from cache
<Item type='ItemType' action='get' select='id'><name>History Template Action</name><Relationships><Item type='Property' action='get' select='name'/><Item type='RelationshipType' action='get' select='name'/></Relationships></Item>
  was obtained from cache
checking for related items
<Item type='History Action' action='get' levels='0'><id>D8A02D25A8AD4E0BA03137BF7E12989B</id></Item>
   was obtained from server
checking for related items
<Item type='History Action' action='get' levels='0'><id>D921FE4EB74043DBA94EA79543FA0EE0</id></Item>
   was obtained from server
checking for related items
<Item type='History Action' action='get' levels='0'><id>F4E64892AF944B4FA297B27B6BB5653D</id></Item>
   was obtained from server
checking for related items
<Item type='History Action' action='get' levels='0'><id>22490941AB8E4996BE0C4EA4940DD7B9</id></Item>
   was obtained from server
checking for related items
<Item type='History Action' action='get' levels='0'><id>3C23BB1FCACC4EBEB12CA1D74A8CE1C2</id></Item>
   was obtained from server
checking for related items
<Item type='History Action' action='get' levels='0'><id>DA76064A64B8456CA21ECB70BE4A48C3</id></Item>
   was obtained from server
checking for related items
<Item type='History Action' action='get' levels='0'><id>26FC2D778BFB4D749FA4401726EBEF44</id></Item>
   was obtained from server
************* End of reference checking ************
Item successfully applied(add)   id : 26052CF4511F4502B43B50771A308B47    keyed_name : MyDefault    type : History Template  
Adding item into PackageDefinition with id = 26052CF4511F4502B43B50771A308B47 and type = History Template
Item successfully added in packdefinition  id  26052CF4511F4502B43B50771A308B47 type History Template
Processing (add)   id : 26A6F9A162F94BD3AF45A5C3862BDD7F    keyed_name : User_26A6F9A162F94BD3AF45A5C3862BDD7F    type : Server Event  
********** Start of reference checking ************
checking item with get action:<Item type="Method" action="get" select="id"><name>HC_FixNameIdentity</name></Item>
-> was obtained from server
<Item type='ItemType' action='get' select='id'><name>Server Event</name><Relationships><Item type='Property' action='get' select='name'/><Item type='RelationshipType' action='get' select='name'/></Relationships></Item>
  was obtained from cache
************* End of reference checking ************
Item successfully applied(add)   id : 26A6F9A162F94BD3AF45A5C3862BDD7F    keyed_name : User_26A6F9A162F94BD3AF45A5C3862BDD7F    type : Server Event  
DELAYED RESOLUTION: applying AML <Item type='ItemType' id='4D1DA47DD2574D06BC31D7308D05F4A4' action='edit' doGetItem='0'><Relationships><Item type='Property' id='A28188031CDA439E90554A0CDF